<?xml version="1.0" encoding="UTF-8"?>
<!-- Generated by org.testng.reporters.JUnitXMLReporter -->
<testsuite hostname="SQA21049" name="Test" tests="3" failures="0" timestamp="1 Oct 2021 13:08:36 GMT" time="10.972" errors="0">
  <testcase name="LoginTest" time="4.33" classname="estimates.LoginPageTest"/>
  <testcase name="LoginTest" time="3.128" classname="estimates.CandidateListPageTest"/>
  <testcase name="LoginTest" time="3.31" classname="estimates.DashBoardTest"/>
</testsuite> <!-- Test -->
