-------------------------------------------------------------------------------
Test set: TestSuite
-------------------------------------------------------------------------------
Tests run: 3, Failures: 1, Errors: 0, Skipped: 0, Time elapsed: 24.583 s <<< FAILURE! - in TestSuite
estimates.CandidateListPageTest.LoginTest  Time elapsed: 4.276 s  <<< FAILURE!
java.lang.AssertionError: expected [Password] but found []
	at estimates.CandidateListPageTest.LoginTest(CandidateListPageTest.java:31)

