<?xml version="1.0" encoding="UTF-8"?>
<!-- Generated by org.testng.reporters.JUnitXMLReporter -->
<testsuite ignored="2" hostname="SQA21049" failures="0" tests="3" name="Test" time="14.99" errors="0" timestamp="2021-10-01T14:18:37 BST">
  <testcase classname="estimates.LoginPageTest" name="LoginTest" time="4.943"/>
  <testcase classname="estimates.CandidateListPageTest" name="LoginTest" time="5.293"/>
  <testcase classname="estimates.DashBoardTest" name="LoginTest" time="4.626"/>
  <testcase classname="estimates.TestBase" name="@AfterTest teardown" time="0.0">
    <ignored/>
  </testcase> <!-- @AfterTest teardown -->
  <testcase classname="estimates.TestBase" name="@AfterTest teardown" time="0.0">
    <ignored/>
  </testcase> <!-- @AfterTest teardown -->
</testsuite> <!-- Test -->
