<?xml version="1.0" encoding="UTF-8"?>
<!-- Generated by org.testng.reporters.JUnitReportReporter -->
<testsuite hostname="SQA21049" failures="0" tests="1" name="cucumberOptions.TestNGTestRunner" time="6.267" errors="1" timestamp="2021-10-12T14:23:08 BST" skipped="0">
  <testcase classname="cucumberOptions.TestNGTestRunner" name="runScenario" time="6.267">
    <error message="Cannot invoke &quot;org.openqa.selenium.WebDriver.findElement(org.openqa.selenium.By)&quot; because &quot;this.driver&quot; is null" type="java.lang.NullPointerException">
      <![CDATA[java.lang.NullPointerException: Cannot invoke "org.openqa.selenium.WebDriver.findElement(org.openqa.selenium.By)" because "this.driver" is null
at pageObjects.LoginPage.getEmail(LoginPage.java:21)
at steps.stepDefinition.the_user_enters_his_credentials(stepDefinition.java:33)
at âœ½.the user enters his credentials(file:///C:/WorkSpace/SQA/SQA/src/test/java/features/Login.feature:7)
]]>
    </error>
  </testcase> <!-- runScenario -->
  <system-out/>
</testsuite> <!-- cucumberOptions.TestNGTestRunner -->
